/var/spool/slurmd/job10517661/slurm_script: line 20: /work/LAS/rjpeters-lab/tools/bin/openbabel-install/bin/obabel: No such file or directory
/var/spool/slurmd/job10517661/slurm_script: line 22: /work/LAS/rjpeters-lab/tools/bin/crest: No such file or directory
cp: cannot stat 'crest_conformers.xyz': No such file or directory
__________
%nprocshared=32
%mem=40GB
%chk=AgAS_A1.chk
# opt b3lyp/6-31+g(d,p) geom=connectivity nosymm

Title Card Required

1 1
__________
__________
 1 2 1.0 6 1.0 7 1.0 35 1.0
 2 3 1.0 14 1.0 23 1.0
 3 4 1.0 12 1.0 13 1.0
 4 5 1.0 8 1.0 9 1.0
 5 6 1.0 10 1.0 11 1.0
 6 39 1.0
 7
 8
 9
 10
 11
 12
 13 16 1.0 27 1.0 31 1.0
 14 15 1.0 19 1.0 20 1.0
 15 16 1.0 21 1.0 22 1.0
 16 17 1.0 18 1.0
 17
 18
 19
 20
 21
 22
 23 24 1.0 25 1.0 26 1.0
 24
 25
 26
 27 28 1.0 29 1.0 30 1.0
 28
 29
 30
 31 32 1.0 33 1.0 34 1.0
 32
 33
 34
 35 36 1.0 37 1.0 38 1.0
 36
 37
 38
 39 40 1.0 41 1.0 42 1.0
 40
 41
 42
__________
/lustre/hdd/LAS/rjpeters-lab/tools/Gaussian_conf_tools/conf_to_g16.sh: line 49: crest_conformers.xyz: No such file or directory
